         w __deregister_frame_info
         w __register_frame_info
         w _ITM_deregisterTMCloneTable
         w _ITM_registerTMCloneTable
00000000 b .LANCHOR4
00000000 00000401 b __fixedpath
00000000 b _TLS_MODULE_BASE_
00000000 a shift
00000000 a shift
00000404 b .LANCHOR5
00000404 00000802 b __utf16path
00000c08 b .LANCHOR6
00000c08 00000802 b __utf16path_old.8638
00100000 A __start__
00100000 T _start
00100008 T __service_ptr
0010000c T __apt_appid
00100010 T __heap_size
00100014 T __linear_heap_size
00100018 T __system_arglist
0010001c T __system_runflags
00100020 t startup
00100058 t ClearMem
0010006c t ClrLoop
00100094 T _init
001000ac T initSystem
001000f0 T __ctru_exit
00100110 T __aeabi_idiv
00100110 00000220 T __divsi3
00100118 t .divsi3_skip_div0_test
00100330 00000020 T __aeabi_idivmod
00100350 00000004 W __aeabi_idiv0
00100350 00000004 W __aeabi_ldiv0
00100354 T __aeabi_uldivmod
001003a8 00000390 T strcmp
00100730 t .udivsi3_skip_div0_test
00100730 T __aeabi_uidiv
00100730 000001ec T __udivsi3
0010091c 00000020 T __aeabi_uidivmod
0010093c T __aeabi_drsub
00100944 000002b0 T __aeabi_dsub
00100944 000002b0 T __subdf3
00100948 000002ac T __adddf3
00100948 000002ac T __aeabi_dadd
00100bf4 00000024 T __aeabi_ui2d
00100bf4 00000024 T __floatunsidf
00100c18 00000028 T __aeabi_i2d
00100c18 00000028 T __floatsidf
00100c40 00000048 T __aeabi_f2d
00100c40 00000048 T __extendsfdf2
00100c88 00000074 T __aeabi_ul2d
00100c88 00000074 T __floatundidf
00100c9c 00000060 T __aeabi_l2d
00100c9c 00000060 T __floatdidf
00100cfc t deregister_tm_clones
00100d28 t register_tm_clones
00100d60 t __do_global_dtors_aux
00100da4 t frame_dummy
00100dd8 000001ac T main
00100f84 00000018 T consoleSelect
00100f9c 000001b8 T consoleDrawChar
00101154 00000124 T consolePrintChar
00101278 0000015c t consoleCls
001013d4 00000104 T consoleInit
001014d8 0000010c t consoleClearLine
001015e4 000000c4 t newRow
001016a8 000007cc T con_write
00101e74 00000038 T consoleSetWindow
00101eac 0000008c t gfxSetFramebufferInfo.part.0
00101f38 0000006c t gfxSetFramebufferInfo
00101fa4 00000058 t gfxGetFramebuffer.part.0
00101ffc 00000018 T __get_bytes_per_pixel
00102014 00000184 T gfxSetScreenFormat
00102198 00000010 T gfxSetDoubleBuffering
001021a8 00000214 T gfxInit
001023bc 00000010 T gfxInitDefault
001023cc 000000e0 T gfxExit
001024ac 00000064 T gfxGetFramebuffer
00102510 000000cc T gfxFlushBuffers
001025dc 000000f4 T gfxConfigScreen
001026d0 00000020 T gfxSwapBuffers
001026f0 00000020 T gfxSwapBuffersGpu
00102710 00000074 T gspInit
00102784 0000003c T gspExit
001027c0 000000a4 T gspInitEventHandler
00102864 00000040 T gspExitEventHandler
001028a4 00000050 T gspWaitForEvent
001028f4 00000004 W gxCmdQueueInterrupt
001028f8 00000178 t gspEventThreadMain
00102a70 0000006c T GSPGPU_SetBufferSwap
00102adc 0000004c T GSPGPU_FlushDataCache
00102b28 00000034 T GSPGPU_SetLcdForceBlack
00102b5c 00000064 T GSPGPU_RegisterInterruptRelayQueue
00102bc0 0000002c T GSPGPU_UnregisterInterruptRelayQueue
00102bec 00000048 T GSPGPU_AcquireRight
00102c34 0000002c T GSPGPU_ReleaseRight
00102c60 00000080 T GSPGPU_ImportDisplayCaptureInfo
00102ce0 0000002c T GSPGPU_SaveVramSysArea
00102d0c 0000002c T GSPGPU_RestoreVramSysArea
00102d38 00000004 W _aptDebug
00102d3c 00000170 T aptSendCommand
00102eac 0000003c t aptExitProcess
00102ee8 00000050 T APT_InquireNotification
00102f38 00000194 t aptEventHandler
001030cc 00000074 T APT_AppletUtility
00103140 000000b0 T aptSetSleepAllowed
001031f0 000000b4 T APT_GlanceParameter
001032a4 000000c8 T APT_ReceiveParameter
0010336c 000000bc t aptReceiveParameter.constprop.0
00103428 000001e0 t aptScreenTransfer
00103608 00000210 t aptWaitForWakeUp
00103818 00000070 T APT_CancelParameter
00103888 0000025c T aptInit
00103ae4 00000088 t aptClearParamQueue
00103b6c 00000264 T aptMainLoop
00103dd0 00000254 T aptExit
00104024 0000007c T APT_CheckNew3DS
001040a0 00000028 t hidCheckSectionUpdateTime.part.0
001040c8 000000d0 T hidExit
00104198 000001d8 T hidScanInput
00104370 00000010 T hidKeysDown
00104380 00000090 T HIDUSER_GetHandles
00104410 000001a4 T hidInit
001045b4 00000038 W __libctru_init
001045ec 00000034 t __libctru_nanosleep
00104620 00000030 t __ctru_get_reent
00104650 000000fc T __system_initSyscalls
0010474c 00000100 W __system_allocateHeaps
0010484c 000000f0 T __system_initArgv
0010493c T svcControlMemory
0010495c T svcExitProcess
00104964 T svcCreateThread
00104984 T svcExitThread
0010498c T svcSleepThread
00104994 T svcReleaseMutex
0010499c T svcCreateEvent
001049b0 T svcSignalEvent
001049b8 T svcClearEvent
001049c0 T svcMapMemoryBlock
001049c8 T svcUnmapMemoryBlock
001049d0 T svcCreateAddressArbiter
001049e4 T svcArbitrateAddress
001049fc T svcCloseHandle
00104a04 T svcWaitSynchronization
00104a0c T svcWaitSynchronizationN
00104a34 T svcDuplicateHandle
00104a48 T svcGetSystemTick
00104a50 T svcGetSystemInfo
00104a68 T svcConnectToPort
00104a7c T svcSendSyncRequest
00104a84 T svcBreak
00104a8c 00000024 t addrMapNodeComparator(rbtree_node const*, rbtree_node const*)
00104ab0 00000004 t addrMapNodeDestructor(rbtree_node*)
00104ab4 00000114 T vramMemAlign
00104bc8 00000008 T vramAlloc
00104bd0 00000054 T vramFree
00104c24 00000024 t addrMapNodeComparator(rbtree_node const*, rbtree_node const*)
00104c48 00000004 t addrMapNodeDestructor(rbtree_node*)
00104c4c 000000e8 T mappableAlloc
00104d34 00000054 T mappableFree
00104d88 00000024 t addrMapNodeComparator(rbtree_node const*, rbtree_node const*)
00104dac 00000004 t addrMapNodeDestructor(rbtree_node*)
00104db0 00000124 T linearMemAlign
00104ed4 00000008 T linearAlloc
00104edc 00000054 T linearFree
00104f30 0000008c T MemPool::CoalesceRight(MemBlock*)
00104fbc 00000174 T MemPool::Allocate(MemChunk&, unsigned long, int)
00105130 000000fc T MemPool::Deallocate(MemChunk const&)
0010522c 00000038 t LightLock_Unlock.part.0
00105264 0000000c T __sync_init
00105270 00000018 T __sync_fini
00105288 00000010 T __sync_get_arbiter
00105298 00000018 T LightLock_Init
001052b0 00000090 T LightLock_Lock
00105340 00000034 T LightLock_TryLock
00105374 00000020 T LightLock_Unlock
00105394 00000024 T RecursiveLock_Init
001053b8 00000030 T RecursiveLock_Lock
001053e8 00000058 T RecursiveLock_TryLock
00105440 00000038 T RecursiveLock_Unlock
00105478 00000038 T LightEvent_Init
001054b0 0000007c T LightEvent_Clear
0010552c 000000dc T LightEvent_Signal
00105608 000000c0 T LightEvent_Wait
001056c8 00000058 t getSysTime
00105720 00000028 t __ctru_speedup_config.part.0
00105748 00000024 T osGetMemRegionUsed
00105770 00000128 T __libctru_gtod
00105898 00000018 T __ctru_speedup_config
001058b0 00000058 T srvExit
00105908 00000038 T srvRegisterClient
00105940 000000cc T srvInit
00105a0c 00000080 T srvGetServiceHandleDirect
00105a8c 00000048 T srvGetServiceHandle
00105ad4 0000001c t threadFree.part.0
00105af0 00000180 T threadCreate
00105c70 00000024 T threadJoin
00105c94 00000068 T threadExit
00105cfc 00000048 t _thread_begin
00105d44 000000ac T irrstScanInput
00105df0 00000024 T irrstKeysHeld
00105e14 00000050 T IRRST_GetHandles
00105e64 00000154 T irrstInit
00105fb8 0000002c T IRRST_Shutdown
00105fe4 000000ac T irrstExit
00106090 0000000c T srvPmGetSessionHandle
0010609c 00000074 T ptmSysmInit
00106110 0000003c T ptmSysmExit
0010614c 00000034 T PTMSYSM_ConfigureNew3DSCPU
00106180 00000014 T rbtree_init
00106194 000001a4 t do_insert
00106338 00000008 T rbtree_insert
00106340 00000090 T rbtree_rotate
001063d0 00000334 T rbtree_remove
00106704 00000074 T rbtree_find
00106778 0000001c W __appInit
00106794 0000001c W __appExit
001067b0 000000a0 W __libctru_exit
00106850 00000084 T envGetHandle
001068d4 0000004c T envDestroyHandles
00106920 00000014 t archive_link
00106934 00000014 t archive_dirreset
00106948 00000014 t archive_chmod
0010695c 00000024 t error_cmp
00106980 00000050 t archive_translate_error
001069d0 00000034 t archive_fsync
00106a04 00000054 t archive_ftruncate
00106a58 00000038 t archive_dirclose
00106a90 0000013c t archive_dirnext
00106bcc 00000034 t archive_close
00106c00 00000070 t archive_fstat
00106c70 000000d4 t archive_seek
00106d44 00000078 t archive_read
00106dbc 000000ac t archive_write
00106e68 000000bc t sdmc_statvfs
00106f24 00000080 t _archiveInit.part.0
00106fa4 0000008c t archiveFindDevice.part.0
00107030 00000138 t _archiveMountDevice
00107168 00000228 t archive_utf16path
00107390 0000009c t archive_rmdir
0010742c 000000b4 t archive_diropen
001074e0 000000b8 t archive_mkdir
00107598 00000154 t archive_rename
001076ec 000000c4 t archive_chdir
001077b0 00000084 t archive_unlink
00107834 00000124 t archive_stat
00107958 000001cc t archive_open
00107b24 000000a4 t _archiveUnmountDeviceStruct.part.0
00107bc8 00000014 t archive_fchmod
00107bdc 00000014 t archive_statvfs
00107bf0 00000168 T archiveMountSdmc
00107d58 00000054 T archiveUnmountAll
00107dac 00000028 t fsSessionForArchive.part.0
00107dd4 000000c4 T fsInit
00107e98 0000003c T fsExit
00107ed4 00000064 T fsExemptFromSession
00107f38 0000005c T fsUnexemptFromSession
00107f94 000000bc T FSUSER_OpenFile
00108050 000000ac T FSUSER_DeleteFile
001080fc 000000e8 T FSUSER_RenameFile
001081e4 000000ac T FSUSER_DeleteDirectory
00108290 000000c4 T FSUSER_CreateFile
00108354 000000b4 T FSUSER_CreateDirectory
00108408 000000e8 T FSUSER_RenameDirectory
001084f0 000000a0 T FSUSER_OpenDirectory
00108590 00000098 T FSUSER_OpenArchive
00108628 00000078 T FSUSER_CloseArchive
001086a0 00000078 T FSUSER_GetSdmcArchiveResource
00108718 00000064 T FSUSER_IsSdmcWritable
0010877c 0000005c T FSFILE_Read
001087d8 00000064 T FSFILE_Write
0010883c 00000038 T FSFILE_GetSize
00108874 00000028 T FSFILE_SetSize
0010889c 0000003c T FSFILE_Close
001088d8 00000024 T FSFILE_Flush
001088fc 00000054 T FSDIR_Read
00108950 0000003c T FSDIR_Close
0010898c 00000050 T rbtree_node_next
001089dc 000000c0 T utf8_to_utf16
00108a9c 00000138 T decode_utf8
00108bd4 000000e8 T utf16_to_utf8
00108cbc T __aeabi_read_tp
00108cc8 00000068 T encode_utf16
00108d30 00000104 T encode_utf8
00108e34 00000060 T decode_utf16
00108e94 00000038 T __aeabi_d2lz
00108e94 00000038 T __fixdfdi
00108ed0 00000040 T __aeabi_d2ulz
00108ed0 00000040 T __fixunsdfdi
00108f10 00000130 T __udivmoddi4
00109040 0000007c T bsearch
001090bc 00000034 T exit
001090f0 0000003c T __libc_fini_array
0010912c 0000007c T __libc_init_array
001091a8 00000028 T memalign
001091d0 0000014c T _memalign_r
0010931c 00000020 T malloc
0010933c 00000020 T free
0010935c 000007d0 T _malloc_r
00109b2c 000000e0 T memchr
00109c0c 00000120 T memcpy
00109d2c 00000118 T memset
00109e44 0000000c T __malloc_lock
00109e50 0000000c T __malloc_unlock
00109e5c 00000034 T printf
00109e90 000000e0 T _puts_r
00109f70 00000020 T puts
00109f90 00000260 T setvbuf
0010a1f0 00000074 T sscanf
0010a264 0000003c T __sread
0010a2a0 00000008 T __seofread
0010a2a8 00000068 T __swrite
0010a310 00000058 T __sseek
0010a368 00000008 T __sclose
0010a370 0000005c T strlen
0010a3cc 00000098 T strncat
0010a464 000000ec T strncmp
0010a550 000000c0 T strncpy
0010a610 00000048 T strnlen
0010a658 00000048 t get_arg
0010a6a0 00002b84 T __ssvfscanf_r
0010d224 00000034 T __sprint_r
0010d258 00000650 t get_arg
0010d8a8 000038e0 T _vfprintf_r
00111188 000000d4 t __sbprintf
0011125c 00000054 T _wcrtomb_r
001112b0 00000020 T _wcsrtombs_r
001112d0 00000150 T __swsetup_r
00111420 00000118 T __call_exitprocs
00111538 000001a8 t quorem
001116e0 000012ac T _dtoa_r
0011298c 00000278 T __sflush_r
00112c04 00000094 T _fflush_r
00112c98 00000078 t std
00112d10 0000000c T _cleanup_r
00112d1c 0000008c T __sinit
00112da8 0000000c T __sfp_lock_acquire
00112db4 0000000c T __sfp_lock_release
00112dc0 000000f8 T _malloc_trim_r
00112eb8 000002e8 T _free_r
001131a0 000004a4 T __sfvwrite_r
00113644 00000070 T _fwalk_reent
001136b4 00000008 T iswspace
001136bc 0000000c T _localeconv_r
001136c8 00000010 T __locale_mb_cur_max
001136d8 00000094 T __swhatbuf_r
0011376c 000000f8 T __smakebuf_r
00113864 00000060 T _mbrtowc_r
001138c4 000002fc T __utf8_mbtowc
00113bc0 00000154 T memmove
00113d14 00000088 T _Balloc
00113d9c 0000001c T _Bfree
00113db8 000000d0 T __multadd
00113e88 000000ec T __s2b
00113f74 00000058 T __hi0bits
00113fcc 0000009c T __lo0bits
00114068 00000020 T __i2b
00114088 000001e0 T __multiply
00114268 00000100 T __pow5mult
00114368 00000114 T __lshift
0011447c 00000058 T __mcmp
001144d4 00000190 T __mdiff
00114664 00000088 T __ulp
001146ec 000000d4 T __b2d
001147c0 00000104 T __d2b
001148c4 00000084 T __ratio
00114948 0000006c T __copybits
001149b4 0000005c T __any_on
00114a10 00000028 T realloc
00114a38 000004bc T _realloc_r
00114ef4 000000e8 T __sccl
00114fdc 0000000c T nanf
00114fe8 000000a8 T frexp
00115090 00000064 T sprintf
001150f4 000000b8 T stpncpy
001151ac 00000144 T strchr
001152f0 00000054 t sulp
00115348 00001414 T _strtod_l
0011675c 0000000c T _strtod_r
00116768 0000023c t _strtoll_l.isra.0
001169a4 00000004 T _strtoll_r
001169a8 000001b4 t _strtol_l.isra.0
00116b5c 00000004 T _strtol_r
00116b60 0000024c t _strtoull_l.isra.0
00116dac 00000004 T _strtoull_r
00116db0 000001c8 t _strtoul_l.isra.0
00116f78 00000004 T _strtoul_r
00116f7c 00000188 T __ssprint_r
00117104 000000e0 T _sungetc_r
001171e4 0000006c T __ssrefill_r
00117250 000000c8 T _sfread_r
00117318 00000650 t get_arg
00117968 00003814 T _svfprintf_r
0011b17c 000000a8 T __submore
0011b224 00000190 T _wcsnrtombs_l
0011b3b4 00000048 T _wcsnrtombs_r
0011b3fc 000000f0 T __utf8_wctomb
0011b4ec 00000094 T _calloc_r
0011b580 00000160 T _fclose_r
0011b6e0 000000ec t rshift
0011b7cc 00000828 T __gethex
0011bff4 00000060 T __match
0011c054 0000028c T __hexnan
0011c2e0 0000003c T iswspace_l
0011c31c 000001e0 t __jp2uc
0011c4fc 00000094 T _jp2uc_l
0011c590 00000010 T nan
0011c5a0 00000088 T category
0011c628 00000008 t null_write
0011c630 00000018 T setDefaultDevice
0011c648 000000c8 T FindDevice
0011c710 00000028 T RemoveDevice
0011c738 0000009c T AddDevice
0011c7d4 00000020 T GetDeviceOpTab
0011c7f4 00000078 T _fstat_r
0011c86c 00000008 T _isatty_r
0011c874 00000084 T _lseek_r
0011c8f8 00000080 T _read_r
0011c978 00000078 T _sbrk_r
0011c9f0 00000080 T _write_r
0011ca70 00000024 T _exit
0011ca94 000001bc T _concatenate_path
0011cc50 0000015c T chdir
0011cdac 00000008 T __flockfile
0011cdb4 00000008 T __funlockfile
0011cdbc 00000018 T __libc_lock_acquire
0011cdd4 00000018 T __libc_lock_release
0011cdec 00000018 T __libc_lock_init_recursive
0011ce04 00000018 T __libc_lock_acquire_recursive
0011ce1c 00000018 T __libc_lock_release_recursive
0011ce34 00000018 T __libc_lock_close_recursive
0011ce4c 0000003c T __get_handle
0011ce88 000000f8 T _close_r
0011cf80 00000028 T __getreent
0011cfa8 00000044 T strrchr
0011cfec T _fini
0011e000 R default_font_bin
0011e800 R default_font_bin_end
0011e800 R default_font_bin_size
0011e908 00000030 r colorTable
0011e938 00000070 r dotab_stdout
0011e9a8 00000014 r CSWTCH.62
0011e9bc 00000008 r framebufferInfoSt
0011ea38 00000070 r archive_devoptab
0011eaa8 00000030 r error_table
0011eae0 00000004 R _global_impure_ptr
0011eaec 00000022 r basefix.8820
0011eb4c 00000010 r blanks.8791
0011eb5c 00000010 r zeroes.8792
0011eb6c 00000101 R _ctype_
0011ec80 r .LC2
0011ecd0 00000028 R __mprec_bigtens
0011ecf8 000000c8 R __mprec_tens
0011edc0 0000000c r p05.7510
0011eddc 00000014 r fpi.7590
0011edf0 00000014 r fpinan.7626
0011ee08 00000028 r tinytens
0011ee30 0000006c R __action_table
0011ee9c 00000100 R __chclass
0011ef9c 0000006c R __state_table
0011f008 00000010 r blanks.8776
0011f018 00000010 r zeroes.8777
0011f028 00000100 R __hexdig
0011f13c 000000bc r a1
0011f1f8 000000bc r a2
0011f2b4 0000005b r a3
0011f310 00000070 r a6
0011f380 000000a2 r a7
0011f424 00000040 r a8
0011f464 0000172a r b02cf
00120b90 00001a7c r d02f4
0012260c 0000000c R _C_numeric_locale
00122618 0000309c r categories
001256b4 00000070 R dotab_stdnull
00125724 r 
00125724 R __exidx_end
00125724 R __exidx_start
00126000 W __stacksize__
00126004 00000004 D currentConsole
00126008 0000004c D defaultConsole
00126054 00000001 d firstConsoleInit.8429
00126055 00000001 d botFormat
00126058 00000008 d doubleBuf
00126060 00000001 d topFormat
00126064 00000004 d gspLastEvent
00126068 00000004 d aptFlags
0012606c 00000001 d aptHomeAllowed
00126070 00000004 V __ctru_linear_heap_size
00126074 00000004 D _impure_ptr
00126078 00000460 d impure_data
001264d8 00000408 D __malloc_av_
001268e0 00000004 D __malloc_sbrk_base
001268e4 00000004 D __malloc_trim_threshold
001268e8 0000000c d __malloc_recursive_mutex
001268f4 0000000c D __atexit_recursive_mutex
00126900 0000000c d __sfp_recursive_mutex
0012690c 0000000c d __sinit_recursive_mutex
00126918 0000016c D __global_locale
00126a84 00000002 d numempty
00126a88 00000004 d defaultDevice
00126a8c 0000008c D devoptab_list
00126b18 00000400 d _current_working_directory
00126f18 00000004 d __hndl_lock
00126f1c 0000000c d __stderr_handle
00126f28 0000000c d __stdin_handle
00126f34 0000000c d __stdout_handle
00126f40 00001000 d handles
00127f40 t __frame_dummy_init_array_entry
00127f40 T __init_array_start
00127f40 B __preinit_array_end
00127f40 B __preinit_array_start
00127f40 D __tdata_lma
00127f40 D __tdata_lma_end
00127f40 D __TMC_END__
00127f40 d __TMC_LIST__
00127f44 t __do_global_dtors_aux_fini_array_entry
00127f44 T __fini_array_start
00127f44 T __init_array_end
00127f48 T __bss_start__
00127f48 T __fini_array_end
00127f48 b saved_stack
00127f50 b completed.10434
00127f54 b object.10439
00127f6c 00000002 b currentBuffer
00127f6e 00000001 b enable3d
00127f70 00000004 b screenAlloc
00127f74 00000004 b screenFree
00127f78 00000004 b gspEvent
00127f7c 0000001c b gspEventCb
00127f98 0000001c b gspEventCbData
00127fb4 00000007 b gspEventCbOneShot
00127fbc 0000001c b gspEventCounts
00127fd8 00000004 b gspEventData
00127fdc 00000004 b gspEventThread
00127fe0 00000038 b gspEvents
00128018 00000004 b gspRefCount
0012801c 00000001 b gspRunEvents
0012801d 00000001 b aptChainloadMediatype
00128020 00000008 b aptChainloadTid
00128028 00000004 b aptEventHandlerThread
0012802c 0000000c b aptEvents
00128038 0000000c b aptFirstHook
00128044 00000001 b aptHomeButtonState
00128048 00000004 b aptLockHandle
0012804c 00000004 b aptMessageFunc
00128050 00000004 b aptMessageFuncData
00128054 00001000 b aptParameters
00129054 00000001 b aptRecentHomeButtonState
00129058 00000004 b aptRefCount
0012905c 00000008 b aptSleepEvent
00129064 00000001 b flagInit.8300
00129065 00000001 b flagValue.8301
00129068 00000004 b serviceName.7930
0012906c 00000006 b aVec
00129074 00000004 b cPos
00129078 00000006 b gRate
00129080 00000004 b hidRefCount
00129084 00000004 b kDown
00129088 00000004 b kHeld
0012908c 00000004 b kOld
00129090 00000004 b kUp
00129094 00000004 b tPos
00129098 00000004 V __ctru_heap_size
0012909c 0000000c b sAddrMap
001290a8 00000008 b sVramPool
001290b0 00000008 b sMappablePool
001290b8 0000000c b sAddrMap
001290c4 00000008 b sLinearPool
001290cc 0000000c b sAddrMap
001290d8 00000004 b arbiter
001290dc 00000001 V __ctru_speedup
001290e0 00000004 b srvHandle
001290e4 00000004 b srvRefCount
001290e8 00000004 b csPos
001290ec 00000004 b irrstRefCount
001290f0 00000004 b kHeld
001290f4 00000004 b srvPmHandle
001290f8 00000004 b ptmSysmHandle
001290fc 00000004 b ptmSysmRefCount
00129100 00000004 b archive_device_cwd
00129108 00001500 b archive_devices
0012a608 00000001 b archive_initialized
0012a610 00000080 b fsExemptArchives
0012a690 00000004 b fsuHandle
0012a694 00000004 b fsuRefCount
0012a698 00000028 B __malloc_current_mallinfo
0012a6c0 00000004 B __malloc_max_sbrked_mem
0012a6c4 00000004 B __malloc_max_total_mem
0012a6c8 00000004 B __malloc_top_pad
0012a6cc 00000004 b heap_start.7420
0012a6d0 00000004 B fake_heap_end
0012a6d4 00000004 B fake_heap_start
0012a6d8 00000400 b temp_cwd
0012aad8 00000048 B __syscalls
0012ab20 0000004c B currentCopy
0012ab6c 00000008 B gfxBottomFramebuffers
0012ab74 00000004 B gspSharedMemHandle
0012ab78 0000001c B bottomFramebufferInfo
0012ab94 00000004 B gspEvent
0012ab98 00000008 B gfxTopLeftFramebuffers
0012aba0 00000008 B gfxTopRightFramebuffers
0012aba8 0000001c B topFramebufferInfo
0012abc4 00000001 B gfxThreadID
0012abc8 00000004 B gfxSharedMemory
0012abcc 00000004 B gfxTopFramebufferMaxSize
0012abd0 00000004 B gfxBottomFramebufferMaxSize
0012abd4 00000004 B gxCmdBuf
0012abd8 00000004 B gspGpuHandle
0012abdc 00000004 B hidMemHandle
0012abe0 00000004 B hidHandle
0012abe4 00000004 B hidSharedMem
0012abe8 00000014 B hidEvents
0012abfc 00000004 B __system_retAddr
0012ac00 00000004 B __ctru_linear_heap
0012ac04 00000004 B __ctru_heap
0012ac08 00000004 B __system_argv
0012ac0c 00000004 B __system_argc
0012ac10 00000004 B irrstHandle
0012ac14 00000004 B irrstEvent
0012ac18 00000004 B irrstMemHandle
0012ac1c 00000004 B irrstSharedMem
0012ac20 B __tls_start
0012c02c B __bss_end__
0012c02c A __end__
0012c02c B __tls_end
